<?xml version="1.0" encoding="UTF-8"?>
<!-- Generated by org.testng.reporters.JUnitReportReporter -->
<testsuite hostname="DESKTOP-HCFAPS0" failures="0" tests="1" name="testCases.switchTo.Frames" time="11.391" errors="0" timestamp="2025-02-01T00:03:16 EST" skipped="0">
  <testcase classname="testCases.switchTo.Frames" name="testFrameTab" time="11.391"/>
</testsuite> <!-- testCases.switchTo.Frames -->
