<?xml version="1.0" encoding="UTF-8"?>
<!-- Generated by org.testng.reporters.JUnitReportReporter -->
<testsuite hostname="DESKTOP-HCFAPS0" failures="0" tests="2" name="testCases.switchTo.SwitchToTab" time="21.269" errors="0" timestamp="2025-02-01T00:03:16 EST" skipped="0">
  <testcase classname="testCases.switchTo.SwitchToTab" name="testWindowsSubTab" time="10.166"/>
  <testcase classname="testCases.switchTo.SwitchToTab" name="switchToTab" time="11.103"/>
</testsuite> <!-- testCases.switchTo.SwitchToTab -->
