<?xml version="1.0" encoding="UTF-8"?>
<!-- Generated by org.testng.reporters.JUnitReportReporter -->
<testsuite hostname="DESKTOP-HCFAPS0" failures="0" tests="1" name="testCases.RegistrationPage" time="12.553" errors="0" timestamp="2024-09-19T11:54:55 EDT" skipped="0">
  <testcase classname="testCases.RegistrationPage" name="RegisterToThePage" time="12.553"/>
</testsuite> <!-- testCases.RegistrationPage -->
