<?xml version="1.0" encoding="UTF-8"?>
<!-- Generated by org.testng.reporters.JUnitReportReporter -->
<testsuite hostname="DESKTOP-HCFAPS0" failures="0" tests="2" name="testCases.switchTo.SwitchToTab" time="21.924" errors="0" timestamp="2024-08-20T15:37:39 EDT" skipped="0">
  <testcase classname="testCases.switchTo.SwitchToTab" name="testWindowsSubTab" time="11.048"/>
  <testcase classname="testCases.switchTo.SwitchToTab" name="switchToTab" time="10.876"/>
</testsuite> <!-- testCases.switchTo.SwitchToTab -->
