<?xml version="1.0" encoding="UTF-8"?>
<!-- Generated by org.testng.reporters.JUnitReportReporter -->
<testsuite hostname="DESKTOP-HCFAPS0" failures="0" tests="1" name="testCases.widgets.Accordion" time="16.616" errors="0" timestamp="2024-09-27T10:47:00 EDT" skipped="0">
  <testcase classname="testCases.widgets.Accordion" name="TestAccordion" time="16.616"/>
</testsuite> <!-- testCases.widgets.Accordion -->
