<?xml version="1.0" encoding="UTF-8"?>
<!-- Generated by org.testng.reporters.JUnitReportReporter -->
<testsuite hostname="DESKTOP-HCFAPS0" failures="0" tests="1" name="testCases.switchTo.Frames" time="10.413" errors="0" timestamp="2024-11-21T13:04:04 EST" skipped="0">
  <testcase classname="testCases.switchTo.Frames" name="testFrameTab" time="10.413"/>
</testsuite> <!-- testCases.switchTo.Frames -->
