<?xml version="1.0" encoding="UTF-8"?>
<!-- Generated by org.testng.reporters.JUnitReportReporter -->
<testsuite hostname="DESKTOP-HCFAPS0" failures="0" tests="1" name="testCases.LandingHomePage" time="14.003" errors="0" timestamp="2024-12-09T14:14:39 EST" skipped="0">
  <testcase classname="testCases.LandingHomePage" name="clickLandingPageLinks" time="14.003"/>
</testsuite> <!-- testCases.LandingHomePage -->
