<?xml version="1.0" encoding="UTF-8"?>
<!-- Generated by org.testng.reporters.JUnitReportReporter -->
<testsuite hostname="DESKTOP-HCFAPS0" failures="0" tests="1" name="testCases.RegistrationPage" time="13.800" errors="0" timestamp="2025-01-11T23:41:30 EST" skipped="0">
  <testcase classname="testCases.RegistrationPage" name="RegisterToThePage" time="13.800"/>
</testsuite> <!-- testCases.RegistrationPage -->
