<?xml version="1.0" encoding="UTF-8"?>
<!-- Generated by org.testng.reporters.JUnitReportReporter -->
<testsuite hostname="DESKTOP-HCFAPS0" failures="0" tests="1" name="testCases.LandingHomePage" time="16.369" errors="0" timestamp="2025-01-30T19:41:00 EST" skipped="0">
  <testcase classname="testCases.LandingHomePage" name="clickLandingPageLinks" time="16.369"/>
</testsuite> <!-- testCases.LandingHomePage -->
